2021-12-30 14:51:26,998 INFO org.springframework.boot.StartupInfoLogger [restartedMain] Starting BankApiApplication using Java 11.0.12 on DESKTOP-96I72BF with PID 2420 (C:\Users\104847781\IBM\bank-api\target\classes started by 104847781 in C:\Users\104847781\IBM\bank-api)
2021-12-30 14:51:27,003 INFO org.springframework.boot.SpringApplication [restartedMain] No active profile set, falling back to default profiles: default
2021-12-30 14:51:27,023 INFO org.hibernate.validator.internal.util.Version [background-preinit] HV000001: Hibernate Validator 6.2.0.Final
2021-12-30 14:51:27,079 INFO org.springframework.boot.logging.DeferredLog [restartedMain] Devtools property defaults active! Set 'spring.devtools.add-properties' to 'false' to disable
2021-12-30 14:51:27,080 INFO org.springframework.boot.logging.DeferredLog [restartedMain] For additional web related logging consider setting the 'logging.level.web' property to 'DEBUG'
2021-12-30 14:51:28,885 INFO org.springframework.boot.web.embedded.tomcat.TomcatWebServer [restartedMain] Tomcat initialized with port(s): 8088 (http)
2021-12-30 14:51:28,891 INFO org.apache.juli.logging.DirectJDKLog [restartedMain] Initializing ProtocolHandler ["http-nio-8088"]
2021-12-30 14:51:28,892 INFO org.apache.juli.logging.DirectJDKLog [restartedMain] Starting service [Tomcat]
2021-12-30 14:51:28,892 INFO org.apache.juli.logging.DirectJDKLog [restartedMain] Starting Servlet engine: [Apache Tomcat/9.0.55]
2021-12-30 14:51:28,970 INFO org.apache.juli.logging.DirectJDKLog [restartedMain] Initializing Spring embedded WebApplicationContext
2021-12-30 14:51:28,970 INFO org.springframework.boot.web.servlet.context.ServletWebServerApplicationContext [restartedMain] Root WebApplicationContext: initialization completed in 1888 ms
2021-12-30 14:51:29,399 INFO org.springframework.boot.devtools.autoconfigure.OptionalLiveReloadServer [restartedMain] LiveReload server is running on port 35729
2021-12-30 14:51:29,501 INFO org.apache.juli.logging.DirectJDKLog [restartedMain] Starting ProtocolHandler ["http-nio-8088"]
2021-12-30 14:51:29,527 INFO org.springframework.boot.web.embedded.tomcat.TomcatWebServer [restartedMain] Tomcat started on port(s): 8088 (http) with context path ''
2021-12-30 14:51:29,683 INFO org.springframework.boot.StartupInfoLogger [restartedMain] Started BankApiApplication in 3.455 seconds (JVM running for 4.805)
2021-12-30 14:53:29,751 INFO org.apache.juli.logging.DirectJDKLog [http-nio-8088-exec-2] Initializing Spring DispatcherServlet 'dispatcherServlet'
2021-12-30 14:53:29,752 INFO org.springframework.web.servlet.FrameworkServlet [http-nio-8088-exec-2] Initializing Servlet 'dispatcherServlet'
2021-12-30 14:53:29,753 INFO org.springframework.web.servlet.FrameworkServlet [http-nio-8088-exec-2] Completed initialization in 1 ms
2021-12-30 14:53:29,821 INFO com.ibm.academia.apirest.controller.BankController [http-nio-8088-exec-2] Received data --> Veracruz, 96980, null, -94.0
2021-12-30 14:53:33,202 INFO com.ibm.academia.apirest.controller.BankController [http-nio-8088-exec-2] Sending to the client --> [BankDto(address=Revolución 202, Col. Centro, Las Choapas, C.P. 96980, Veracruz, state=Veracruz, type=Sucursal, gps=Gps(latitude=17.916075, longitude=-94.090817)), BankDto(address=Revolución 202, Col. Centro, Las Choapas, C.P. 96980, Veracruz, state=Veracruz, type=ATM, gps=Gps(latitude=17.916075, longitude=-94.090817)), BankDto(address=Revolución 202, Col. Centro, Las Choapas, C.P. 96980, Veracruz, state=Veracruz, type=ATM, gps=Gps(latitude=17.916075, longitude=-94.090817)), BankDto(address=Revolución 202, Col. Centro, Las Choapas, C.P. 96980, Veracruz, state=Veracruz, type=ATM, gps=Gps(latitude=17.916075, longitude=-94.090817)), BankDto(address=Revolución 202, Col. Centro, Las Choapas, C.P. 96980, Veracruz, state=Veracruz, type=ATM, gps=Gps(latitude=17.916075, longitude=-94.090817)), BankDto(address=Revolución 202, Col. Centro, Las Choapas, C.P. 96980, Veracruz, state=Veracruz, type=Sucursal Automatica, gps=Gps(latitude=17.916075, longitude=-94.090817)), BankDto(address=Revolución 202, Col. Centro, Las Choapas, C.P. 96980, Veracruz, state=Veracruz, type=Ejecutivo Priority, gps=Gps(latitude=17.916075, longitude=-94.090817))]
2021-12-30 14:55:30,389 ERROR com.ibm.academia.apirest.exception.GlobalExceptionHandler [http-nio-8088-exec-5] findCloseBanks.latitude: El valor máximo de la latitud es 90
2021-12-30 14:55:30,395 WARN org.springframework.web.servlet.handler.AbstractHandlerExceptionResolver [http-nio-8088-exec-5] Resolved [javax.validation.ConstraintViolationException: findCloseBanks.latitude: El valor máximo de la latitud es 90]
2021-12-30 14:56:34,449 ERROR com.ibm.academia.apirest.exception.GlobalExceptionHandler [http-nio-8088-exec-7] findCloseBanks.latitude: El valor máximo de la latitud es 90
2021-12-30 14:56:34,450 WARN org.springframework.web.servlet.handler.AbstractHandlerExceptionResolver [http-nio-8088-exec-7] Resolved [javax.validation.ConstraintViolationException: findCloseBanks.latitude: El valor máximo de la latitud es 90]
2021-12-30 14:56:37,530 ERROR com.ibm.academia.apirest.exception.GlobalExceptionHandler [http-nio-8088-exec-9] findCloseBanks.latitude: El valor máximo de la latitud es 90
2021-12-30 14:56:37,531 WARN org.springframework.web.servlet.handler.AbstractHandlerExceptionResolver [http-nio-8088-exec-9] Resolved [javax.validation.ConstraintViolationException: findCloseBanks.latitude: El valor máximo de la latitud es 90]
2021-12-30 14:56:41,983 ERROR com.ibm.academia.apirest.exception.GlobalExceptionHandler [http-nio-8088-exec-1] Failed to convert value of type 'java.lang.String' to required type 'java.lang.Double'; nested exception is java.lang.NumberFormatException: For input string: "1815asdf20"
2021-12-30 14:56:41,985 WARN org.springframework.web.servlet.handler.AbstractHandlerExceptionResolver [http-nio-8088-exec-1] Resolved [org.springframework.web.method.annotation.MethodArgumentTypeMismatchException: Failed to convert value of type 'java.lang.String' to required type 'java.lang.Double'; nested exception is java.lang.NumberFormatException: For input string: "1815asdf20"]
